nohup: ignoring input
Configurations:
dataset : movielens
model : GMF
drop_rate : 0.0
num_gradual : 0
exponent : 1
lr : 0.001
dropout : 0.0
batch_size : 1024
epochs : 30
eval_freq : 2000
top_k : [3, 5, 10, 20]
best_k : 3
factor_num : 32
mlp_layers : [128, 64, 32]
num_ng : 1
out : True
gpu : 0
best_k_ind : 0
model_path : models/movielens
Data Loaded
Users: 6040, Items: 3706
Number of Interactions: 800193
Test Users: 6024
Epoch[001/030], Train Loss: 0.6546
Epoch[001/030], Eval Loss: 106.8486
################### TEST ######################
     precision  recall    NDCG     MRR
@3      0.0781  0.0166  0.0798  0.1283
@5      0.0746  0.0258  0.0786  0.1442
@10     0.0661  0.0457  0.0775  0.1593
@20     0.0569  0.0779  0.0814  0.1681
################### TEST END ######################

Epoch[002/030], Train Loss: 0.4958
Epoch[002/030], Eval Loss: 96.3722
################### TEST ######################
     precision  recall    NDCG     MRR
@3      0.1154  0.0261  0.1191  0.1870
@5      0.1055  0.0402  0.1142  0.2049
@10     0.0906  0.0680  0.1105  0.2206
@20     0.0741  0.1088  0.1129  0.2289
################### TEST END ######################

Epoch[003/030], Train Loss: 0.4574
Epoch[003/030], Eval Loss: 93.4008
################### TEST ######################
     precision  recall    NDCG     MRR
@3      0.1236  0.0283  0.1282  0.2013
@5      0.1129  0.0427  0.1226  0.2190
@10     0.0958  0.0702  0.1175  0.2345
@20     0.0789  0.1155  0.1205  0.2437
################### TEST END ######################

Epoch[004/030], Train Loss: 0.4365
Epoch[004/030], Eval Loss: 90.8581
################### TEST ######################
     precision  recall    NDCG     MRR
@3      0.1272  0.0295  0.1328  0.2082
@5      0.1165  0.0443  0.1271  0.2271
@10     0.1001  0.0737  0.1224  0.2434
@20     0.0822  0.1202  0.1256  0.2525
################### TEST END ######################

Epoch[005/030], Train Loss: 0.4223
Epoch[005/030], Eval Loss: 89.2013
################### TEST ######################
     precision  recall    NDCG     MRR
@3      0.1327  0.0308  0.1391  0.2183
@5      0.1220  0.0474  0.1336  0.2383
@10     0.1044  0.0784  0.1286  0.2550
@20     0.0858  0.1263  0.1320  0.2639
################### TEST END ######################

Epoch[006/030], Train Loss: 0.4103
Epoch[006/030], Eval Loss: 87.1310
################### TEST ######################
     precision  recall    NDCG     MRR
@3      0.1412  0.0334  0.1481  0.2307
@5      0.1286  0.0502  0.1412  0.2510
@10     0.1096  0.0831  0.1357  0.2682
@20     0.0896  0.1336  0.1391  0.2768
################### TEST END ######################

Epoch[007/030], Train Loss: 0.4000
Epoch[007/030], Eval Loss: 86.3724
################### TEST ######################
     precision  recall    NDCG     MRR
@3      0.1475  0.0356  0.1554  0.2417
@5      0.1344  0.0531  0.1481  0.2619
@10     0.1139  0.0874  0.1418  0.2792
@20     0.0938  0.1397  0.1456  0.2876
################### TEST END ######################

Epoch[008/030], Train Loss: 0.3921
Epoch[008/030], Eval Loss: 85.5751
################### TEST ######################
     precision  recall    NDCG     MRR
@3      0.1533  0.0369  0.1622  0.2524
@5      0.1372  0.0538  0.1525  0.2713
@10     0.1170  0.0903  0.1465  0.2892
@20     0.0963  0.1460  0.1511  0.2982
################### TEST END ######################

Epoch[009/030], Train Loss: 0.3843
Epoch[009/030], Eval Loss: 84.0892
################### TEST ######################
     precision  recall    NDCG     MRR
@3      0.1583  0.0389  0.1668  0.2584
@5      0.1433  0.0582  0.1585  0.2805
@10     0.1208  0.0945  0.1516  0.2969
@20     0.0988  0.1505  0.1560  0.3058
################### TEST END ######################

Epoch[010/030], Train Loss: 0.3782
Epoch[010/030], Eval Loss: 82.9802
################### TEST ######################
     precision  recall    NDCG     MRR
@3      0.1610  0.0398  0.1700  0.2636
@5      0.1435  0.0588  0.1599  0.2837
@10     0.1230  0.0966  0.1544  0.3013
@20     0.1009  0.1562  0.1598  0.3103
################### TEST END ######################

Epoch[011/030], Train Loss: 0.3720
Epoch[011/030], Eval Loss: 82.6768
################### TEST ######################
     precision  recall    NDCG     MRR
@3      0.1652  0.0420  0.1746  0.2710
@5      0.1485  0.0610  0.1651  0.2916
@10     0.1261  0.1000  0.1590  0.3087
@20     0.1043  0.1627  0.1656  0.3176
################### TEST END ######################

Epoch[012/030], Train Loss: 0.3667
Epoch[012/030], Eval Loss: 81.9479
################### TEST ######################
     precision  recall    NDCG     MRR
@3      0.1698  0.0436  0.1788  0.2761
@5      0.1514  0.0627  0.1683  0.2966
@10     0.1290  0.1033  0.1625  0.3136
@20     0.1062  0.1652  0.1687  0.3222
################### TEST END ######################

Epoch[013/030], Train Loss: 0.3610
Epoch[013/030], Eval Loss: 81.1411
################### TEST ######################
     precision  recall    NDCG     MRR
@3      0.1710  0.0444  0.1790  0.2747
@5      0.1547  0.0648  0.1705  0.2958
@10     0.1302  0.1047  0.1638  0.3124
@20     0.1070  0.1693  0.1707  0.3211
################### TEST END ######################

Epoch[014/030], Train Loss: 0.3558
Epoch[014/030], Eval Loss: 80.4518
################### TEST ######################
     precision  recall    NDCG     MRR
@3      0.1739  0.0452  0.1829  0.2812
@5      0.1574  0.0655  0.1741  0.3017
@10     0.1334  0.1079  0.1682  0.3192
@20     0.1088  0.1717  0.1742  0.3274
################### TEST END ######################

Epoch[015/030], Train Loss: 0.3520
Epoch[015/030], Eval Loss: 80.3284
################### TEST ######################
     precision  recall    NDCG     MRR
@3      0.1754  0.0451  0.1840  0.2820
@5      0.1568  0.0666  0.1738  0.3044
@10     0.1335  0.1090  0.1685  0.3212
@20     0.1100  0.1756  0.1761  0.3298
################### TEST END ######################

Epoch[016/030], Train Loss: 0.3472
Epoch[016/030], Eval Loss: 80.3802
################### TEST ######################
     precision  recall    NDCG     MRR
@3      0.1799  0.0474  0.1887  0.2870
@5      0.1596  0.0674  0.1775  0.3078
@10     0.1360  0.1118  0.1724  0.3260
@20     0.1117  0.1776  0.1793  0.3344
################### TEST END ######################

Epoch[017/030], Train Loss: 0.3441
Epoch[017/030], Eval Loss: 79.9088
################### TEST ######################
     precision  recall    NDCG     MRR
@3      0.1835  0.0488  0.1922  0.2920
@5      0.1633  0.0700  0.1814  0.3143
@10     0.1378  0.1137  0.1750  0.3313
@20     0.1140  0.1818  0.1830  0.3400
################### TEST END ######################

Epoch[018/030], Train Loss: 0.3404
Epoch[018/030], Eval Loss: 79.2816
################### TEST ######################
     precision  recall    NDCG     MRR
@3      0.1838  0.0483  0.1922  0.2919
@5      0.1649  0.0703  0.1822  0.3138
@10     0.1401  0.1154  0.1769  0.3315
@20     0.1150  0.1850  0.1849  0.3399
################### TEST END ######################

Epoch[019/030], Train Loss: 0.3374
Epoch[019/030], Eval Loss: 79.2810
################### TEST ######################
     precision  recall    NDCG     MRR
@3      0.1857  0.0494  0.1947  0.2956
@5      0.1681  0.0712  0.1854  0.3184
@10     0.1416  0.1175  0.1793  0.3361
@20     0.1160  0.1877  0.1873  0.3445
################### TEST END ######################

Epoch[020/030], Train Loss: 0.3349
Epoch[020/030], Eval Loss: 79.2822
################### TEST ######################
     precision  recall    NDCG     MRR
@3      0.1869  0.0491  0.1958  0.2985
@5      0.1691  0.0721  0.1866  0.3203
@10     0.1441  0.1197  0.1819  0.3379
@20     0.1172  0.1899  0.1893  0.3464
################### TEST END ######################

Epoch[021/030], Train Loss: 0.3327
Epoch[021/030], Eval Loss: 79.0407
################### TEST ######################
     precision  recall    NDCG     MRR
@3      0.1905  0.0502  0.1977  0.2971
@5      0.1723  0.0738  0.1889  0.3195
@10     0.1448  0.1207  0.1827  0.3372
@20     0.1178  0.1920  0.1905  0.3457
################### TEST END ######################

Epoch[022/030], Train Loss: 0.3292
Epoch[022/030], Eval Loss: 78.5442
################### TEST ######################
     precision  recall    NDCG     MRR
@3      0.1917  0.0504  0.1996  0.3022
@5      0.1717  0.0747  0.1896  0.3234
@10     0.1457  0.1224  0.1845  0.3418
@20     0.1182  0.1939  0.1923  0.3504
################### TEST END ######################

Epoch[023/030], Train Loss: 0.3278
Epoch[023/030], Eval Loss: 78.7900
################### TEST ######################
     precision  recall    NDCG     MRR
@3      0.1901  0.0507  0.1981  0.2990
@5      0.1720  0.0741  0.1892  0.3208
@10     0.1464  0.1240  0.1850  0.3392
@20     0.1196  0.1982  0.1941  0.3481
################### TEST END ######################

Epoch[024/030], Train Loss: 0.3248
Epoch[024/030], Eval Loss: 78.3304
################### TEST ######################
     precision  recall    NDCG     MRR
@3      0.1905  0.0507  0.1992  0.3028
@5      0.1737  0.0751  0.1911  0.3255
@10     0.1474  0.1252  0.1866  0.3443
@20     0.1215  0.2007  0.1965  0.3528
################### TEST END ######################

Epoch[025/030], Train Loss: 0.3234
Epoch[025/030], Eval Loss: 78.8367
################### TEST ######################
     precision  recall    NDCG     MRR
@3      0.1906  0.0505  0.1995  0.3025
@5      0.1725  0.0752  0.1907  0.3253
@10     0.1486  0.1269  0.1878  0.3448
@20     0.1213  0.2015  0.1968  0.3530
################### TEST END ######################

Epoch[026/030], Train Loss: 0.3212
Epoch[026/030], Eval Loss: 78.5210
################### TEST ######################
     precision  recall    NDCG     MRR
@3      0.1882  0.0500  0.1976  0.3003
@5      0.1723  0.0749  0.1901  0.3243
@10     0.1488  0.1273  0.1878  0.3440
@20     0.1213  0.2015  0.1967  0.3524
################### TEST END ######################

Epoch[027/030], Train Loss: 0.3198
Epoch[027/030], Eval Loss: 78.5878
################### TEST ######################
     precision  recall    NDCG     MRR
@3      0.1898  0.0504  0.1992  0.3014
@5      0.1733  0.0762  0.1915  0.3256
@10     0.1486  0.1270  0.1881  0.3449
@20     0.1215  0.2015  0.1970  0.3533
################### TEST END ######################

Epoch[028/030], Train Loss: 0.3183
Epoch[028/030], Eval Loss: 78.2410
################### TEST ######################
     precision  recall    NDCG     MRR
@3      0.1917  0.0512  0.2000  0.3012
@5      0.1733  0.0763  0.1913  0.3250
@10     0.1499  0.1294  0.1894  0.3446
@20     0.1223  0.2033  0.1983  0.3530
################### TEST END ######################

Epoch[029/030], Train Loss: 0.3158
Epoch[029/030], Eval Loss: 78.4888
################### TEST ######################
     precision  recall    NDCG     MRR
@3      0.1913  0.0514  0.2007  0.3046
@5      0.1737  0.0771  0.1923  0.3287
@10     0.1506  0.1303  0.1904  0.3483
@20     0.1227  0.2056  0.1994  0.3566
################### TEST END ######################

Epoch[030/030], Train Loss: 0.3145
Epoch[030/030], Eval Loss: 78.6364
################### TEST ######################
     precision  recall    NDCG     MRR
@3      0.1926  0.0517  0.2015  0.3044
@5      0.1747  0.0773  0.1931  0.3282
@10     0.1501  0.1300  0.1904  0.3476
@20     0.1231  0.2068  0.2003  0.3561
################### TEST END ######################

############################## Training End. ##############################
Training Time: 543.60 seconds
Best Recall@3: 0.0517 at Epoch 30
Best Test Results: 
Recall@3: 0.0517
NDCG@3: 0.2015
Precision@3: 0.1926
MRR@3: 0.3044
Recall@5: 0.0773
NDCG@5: 0.1931
Precision@5: 0.1747
MRR@5: 0.3282
Recall@10: 0.1300
NDCG@10: 0.1904
Precision@10: 0.1501
MRR@10: 0.3476
Recall@20: 0.2068
NDCG@20: 0.2003
Precision@20: 0.1231
MRR@20: 0.3561
Validation Loss: 78.6364
