Configurations:
dataset : movielens
model : NeuMF
drop_rate : 0.0
num_gradual : 0
exponent : 1.0
lr : 0.001
dropout : 0.0
batch_size : 1024
epochs : 1
eval_freq : 2000
top_k : [3, 5, 10, 20]
best_k : 3
factor_num : 32
mlp_layers : [128, 64, 32]
num_ng : 1
out : True
gpu : 0
best_k_ind : 0
model_path : models/movielens/NeuMF_0.0-0@3.pth
Data Loaded
Users: 6040, Items: 3706
Number of Interactions: 800193
Test Users: 6024
Epoch[001/001], Train Loss: 0.4719
Epoch[001/001], Eval Loss: 83.4081
################### TEST ######################
     precision  recall    NDCG     MRR
@3      0.1664  0.0411  0.1748  0.2646
@5      0.1509  0.0616  0.1666  0.2852
@10     0.1276  0.1010  0.1600  0.3027
@20     0.1027  0.1580  0.1634  0.3112
################### TEST END ######################

############################## Training End. ##############################
Training Time: 24.26 seconds
Best Recall@3: 0.0411 at Epoch 1
Best Test Results: 
     precision  recall    NDCG     MRR
@3      0.1664  0.0411  0.1748  0.2646
@5      0.1509  0.0616  0.1666  0.2852
@10     0.1276  0.1010  0.1600  0.3027
@20     0.1027  0.1580  0.1634  0.3112
